EDA Netlist Writer report for g55_lab1
Mon Jan 23 15:53:16 2017
Quartus II 64-Bit Version 13.0.1 Build 232 06/12/2013 Service Pack 1 SJ Full Version


---------------------
; Table of Contents ;
---------------------
  1. Legal Notice
  2. EDA Netlist Writer Summary
  3. EDA Netlist Writer Messages



----------------
; Legal Notice ;
----------------
Copyright (C) 1991-2013 Altera Corporation
Your use of Altera Corporation's design tools, logic functions 
and other software and tools, and its AMPP partner logic 
functions, and any output files from any of the foregoing 
(including device programming or simulation files), and any 
associated documentation or information are expressly subject 
to the terms and conditions of the Altera Program License 
Subscription Agreement, Altera MegaCore Function License 
Agreement, or other applicable license agreement, including, 
without limitation, that your use is for the sole purpose of 
programming logic devices manufactured by Altera and sold by 
Altera or its authorized distributors.  Please refer to the 
applicable agreement for further details.



+-------------------------------------------------------------------+
; EDA Netlist Writer Summary                                        ;
+---------------------------+---------------------------------------+
; EDA Netlist Writer Status ; Successful - Mon Jan 23 15:53:16 2017 ;
; Revision Name             ; g55_lab1                              ;
; Top-level Entity Name     ; g55_lab1                              ;
; Family                    ; Cyclone II                            ;
+---------------------------+---------------------------------------+


+-----------------------------+
; EDA Netlist Writer Messages ;
+-----------------------------+
Info: *******************************************************************
Info: Running Quartus II 64-Bit EDA Netlist Writer
    Info: Version 13.0.1 Build 232 06/12/2013 Service Pack 1 SJ Full Version
    Info: Processing started: Mon Jan 23 15:53:13 2017
Info: Command: quartus_eda --read_settings_files=on --write_settings_files=off g55_lab1 -c g55_lab1 --gen_testbench
Info (119006): Selected device EP2C20F484C7 for design "g55_lab1"
Info (201002): Generated VHDL Test Bench File P:/ECSE 323/work/simulation/modelsim/g55_lab1.vht for simulation
Info: Quartus II 64-Bit EDA Netlist Writer was successful. 0 errors, 0 warnings
    Info: Peak virtual memory: 435 megabytes
    Info: Processing ended: Mon Jan 23 15:53:17 2017
    Info: Elapsed time: 00:00:04
    Info: Total CPU time (on all processors): 00:00:01


